<?xml version="1.0" encoding="UTF-8"?>
<testsuite xmlns:xsi="http://www.w3.org/2001/XMLSchema-instance" xsi:noNamespaceSchemaLocation="https://maven.apache.org/surefire/maven-surefire-plugin/xsd/surefire-test-report.xsd" name="TestSuite" time="123.985" tests="11" errors="0" skipped="0" failures="4">
  <properties>
[...]
</properties>
  <testcase name="userCannotProvideInvalidEmail" classname="com.customertimes.test.hw4.registration.EmailValidationTest" time="4.672"/>
  <testcase name="userCanLoginToJuiceShop" classname="com.customertimes.test.hw4.login.LoginTest" time="2.063"/>
  <testcase name="userCanAddProductToBasket" classname="com.customertimes.test.hw5.AddProductToBasketTest" time="4.377">
    <failure message="The following asserts failed:&#10;	The quantity doesn&apos;t match expected [1] but found [2]" type="java.lang.AssertionError">java.lang.AssertionError: 
The following asserts failed:
	The quantity doesn't match expected [1] but found [2]
	at com.customertimes.test.hw5.AddProductToBasketTest.userCanAddProductToBasket(AddProductToBasketTest.java:52)
</failure>
    <system-out><![CDATA[This is after suite
This is before class in the base test
]]></system-out>
    <system-err><![CDATA[Starting ChromeDriver 92.0.4515.107 (87a818b10553a07434ea9e2b6dccf3cbe7895134-refs/branch-heads/4515@{#1634}) on port 31744
Only local connections are allowed.
Please see https://chromedriver.chromium.org/security-considerations for suggestions on keeping ChromeDriver safe.
ChromeDriver was started successfully.
Aug 04, 2021 12:00:16 AM org.openqa.selenium.remote.ProtocolHandshake createSession
INFO: Detected dialect: W3C
]]></system-err>
  </testcase>
  <testcase name="userPasswordsMatched" classname="com.customertimes.test.hw4.registration.PasswordMatchingValidationTest" time="4.065"/>
  <testcase name="userCannotLoginWithoutPassword" classname="com.customertimes.test.hw4.login.LoginWithEmptyPasswordTest" time="2.757"/>
  <testcase name="userCannotAddSoldOutProductToBasket" classname="com.customertimes.test.hw5.NoAbilityToAddSoldOutProductTest" time="14.387">
    <failure message="Expected condition failed: waiting for visibility of all elements located by By.cssSelector: button[aria-label=&apos;Next page&apos;] (tried for 10 second(s) with 500 milliseconds interval)&#10;Build info: version: &apos;3.141.59&apos;, revision: &apos;e82be7d358&apos;, time: &apos;2018-11-14T08:17:03&apos;&#10;System info: host: &apos;DESKTOP-B5CJTOK&apos;, ip: &apos;172.21.176.1&apos;, os.name: &apos;Windows 10&apos;, os.arch: &apos;amd64&apos;, os.version: &apos;10.0&apos;, java.version: &apos;15.0.2&apos;&#10;Driver info: org.openqa.selenium.chrome.ChromeDriver&#10;Capabilities {acceptInsecureCerts: false, browserName: chrome, browserVersion: 92.0.4515.107, chrome: {chromedriverVersion: 92.0.4515.107 (87a818b10553..., userDataDir: C:\Users\Olesia\AppData\Loc...}, goog:chromeOptions: {debuggerAddress: localhost:51994}, javascriptEnabled: true, networkConnectionEnabled: false, pageLoadStrategy: normal, platform: WINDOWS, platformName: WINDOWS, proxy: Proxy(), setWindowRect: true, strictFileInteractability: false, timeouts: {implicit: 0, pageLoad: 300000, script: 30000}, unhandledPromptBehavior: dismiss and notify, webauthn:extension:credBlob: true, webauthn:extension:largeBlob: true, webauthn:virtualAuthenticators: true}&#10;Session ID: 04d4b0b36b8518260769089b43bda437" type="org.openqa.selenium.TimeoutException">org.openqa.selenium.TimeoutException: 
Expected condition failed: waiting for visibility of all elements located by By.cssSelector: button[aria-label='Next page'] (tried for 10 second(s) with 500 milliseconds interval)
Build info: version: '3.141.59', revision: 'e82be7d358', time: '2018-11-14T08:17:03'
System info: host: 'DESKTOP-B5CJTOK', ip: '172.21.176.1', os.name: 'Windows 10', os.arch: 'amd64', os.version: '10.0', java.version: '15.0.2'
Driver info: org.openqa.selenium.chrome.ChromeDriver
Capabilities {acceptInsecureCerts: false, browserName: chrome, browserVersion: 92.0.4515.107, chrome: {chromedriverVersion: 92.0.4515.107 (87a818b10553..., userDataDir: C:\Users\Olesia\AppData\Loc...}, goog:chromeOptions: {debuggerAddress: localhost:51994}, javascriptEnabled: true, networkConnectionEnabled: false, pageLoadStrategy: normal, platform: WINDOWS, platformName: WINDOWS, proxy: Proxy(), setWindowRect: true, strictFileInteractability: false, timeouts: {implicit: 0, pageLoad: 300000, script: 30000}, unhandledPromptBehavior: dismiss and notify, webauthn:extension:credBlob: true, webauthn:extension:largeBlob: true, webauthn:virtualAuthenticators: true}
Session ID: 04d4b0b36b8518260769089b43bda437
	at com.customertimes.test.hw5.NoAbilityToAddSoldOutProductTest.userCannotAddSoldOutProductToBasket(NoAbilityToAddSoldOutProductTest.java:43)
</failure>
    <system-out><![CDATA[This is after suite
This is before class in the base test
]]></system-out>
    <system-err><![CDATA[Starting ChromeDriver 92.0.4515.107 (87a818b10553a07434ea9e2b6dccf3cbe7895134-refs/branch-heads/4515@{#1634}) on port 10373
Only local connections are allowed.
Please see https://chromedriver.chromium.org/security-considerations for suggestions on keeping ChromeDriver safe.
ChromeDriver was started successfully.
Aug 04, 2021 12:00:40 AM org.openqa.selenium.remote.ProtocolHandshake createSession
INFO: Detected dialect: W3C
]]></system-err>
  </testcase>
  <testcase name="userCanRegisterToJuicyShop" classname="com.customertimes.test.hw4.registration.RegistrationTest" time="6.995"/>
  <testcase name="userCannotLoginWithIncorrect2FA" classname="com.customertimes.test.hw4.login.LoginWithIncorrect2FATest" time="15.062">
    <failure message="Expected condition failed: waiting for visibility of all elements located by By.id: totpToken (tried for 10 second(s) with 500 milliseconds interval)&#10;Build info: version: &apos;3.141.59&apos;, revision: &apos;e82be7d358&apos;, time: &apos;2018-11-14T08:17:03&apos;&#10;System info: host: &apos;DESKTOP-B5CJTOK&apos;, ip: &apos;172.21.176.1&apos;, os.name: &apos;Windows 10&apos;, os.arch: &apos;amd64&apos;, os.version: &apos;10.0&apos;, java.version: &apos;15.0.2&apos;&#10;Driver info: org.openqa.selenium.chrome.ChromeDriver&#10;Capabilities {acceptInsecureCerts: false, browserName: chrome, browserVersion: 92.0.4515.107, chrome: {chromedriverVersion: 92.0.4515.107 (87a818b10553..., userDataDir: C:\Users\Olesia\AppData\Loc...}, goog:chromeOptions: {debuggerAddress: localhost:49336}, javascriptEnabled: true, networkConnectionEnabled: false, pageLoadStrategy: normal, platform: WINDOWS, platformName: WINDOWS, proxy: Proxy(), setWindowRect: true, strictFileInteractability: false, timeouts: {implicit: 0, pageLoad: 300000, script: 30000}, unhandledPromptBehavior: dismiss and notify, webauthn:extension:credBlob: true, webauthn:extension:largeBlob: true, webauthn:virtualAuthenticators: true}&#10;Session ID: 30e153f7eed053e04ef5cedf66c43a03" type="org.openqa.selenium.TimeoutException">org.openqa.selenium.TimeoutException: 
Expected condition failed: waiting for visibility of all elements located by By.id: totpToken (tried for 10 second(s) with 500 milliseconds interval)
Build info: version: '3.141.59', revision: 'e82be7d358', time: '2018-11-14T08:17:03'
System info: host: 'DESKTOP-B5CJTOK', ip: '172.21.176.1', os.name: 'Windows 10', os.arch: 'amd64', os.version: '10.0', java.version: '15.0.2'
Driver info: org.openqa.selenium.chrome.ChromeDriver
Capabilities {acceptInsecureCerts: false, browserName: chrome, browserVersion: 92.0.4515.107, chrome: {chromedriverVersion: 92.0.4515.107 (87a818b10553..., userDataDir: C:\Users\Olesia\AppData\Loc...}, goog:chromeOptions: {debuggerAddress: localhost:49336}, javascriptEnabled: true, networkConnectionEnabled: false, pageLoadStrategy: normal, platform: WINDOWS, platformName: WINDOWS, proxy: Proxy(), setWindowRect: true, strictFileInteractability: false, timeouts: {implicit: 0, pageLoad: 300000, script: 30000}, unhandledPromptBehavior: dismiss and notify, webauthn:extension:credBlob: true, webauthn:extension:largeBlob: true, webauthn:virtualAuthenticators: true}
Session ID: 30e153f7eed053e04ef5cedf66c43a03
	at com.customertimes.test.hw4.login.LoginWithIncorrect2FATest.userCannotLoginWithIncorrect2FA(LoginWithIncorrect2FATest.java:43)
</failure>
    <system-out><![CDATA[This is after suite
This is before class in the base test
]]></system-out>
    <system-err><![CDATA[Starting ChromeDriver 92.0.4515.107 (87a818b10553a07434ea9e2b6dccf3cbe7895134-refs/branch-heads/4515@{#1634}) on port 3184
Only local connections are allowed.
Please see https://chromedriver.chromium.org/security-considerations for suggestions on keeping ChromeDriver safe.
ChromeDriver was started successfully.
Aug 04, 2021 12:01:11 AM org.openqa.selenium.remote.ProtocolHandshake createSession
INFO: Detected dialect: W3C
]]></system-err>
  </testcase>
  <testcase name="productInfoMatchingTest" classname="com.customertimes.test.hw5.ProductInfoTest" time="2.01"/>
  <testcase name="userCannotUseEmailTwice" classname="com.customertimes.test.hw4.registration.UniqueEmailValidationTest" time="4.525"/>
  <testcase name="userCannotUseIncorrectCredentials" classname="com.customertimes.test.hw4.login.LoginWithIncorrectCredentialsTest" time="3.019">
    <failure message="Incorrect credentials validation doesn&apos;t work correctly expected [Invalid email or password] but found [Invalid email or password.]" type="java.lang.AssertionError">java.lang.AssertionError: Incorrect credentials validation doesn't work correctly expected [Invalid email or password] but found [Invalid email or password.]
	at com.customertimes.test.hw4.login.LoginWithIncorrectCredentialsTest.userCannotUseIncorrectCredentials(LoginWithIncorrectCredentialsTest.java:39)
</failure>
    <system-out><![CDATA[This is after suite
This is before class in the base test
]]></system-out>
    <system-err><![CDATA[Starting ChromeDriver 92.0.4515.107 (87a818b10553a07434ea9e2b6dccf3cbe7895134-refs/branch-heads/4515@{#1634}) on port 15914
Only local connections are allowed.
Please see https://chromedriver.chromium.org/security-considerations for suggestions on keeping ChromeDriver safe.
ChromeDriver was started successfully.
Aug 04, 2021 12:01:48 AM org.openqa.selenium.remote.ProtocolHandshake createSession
INFO: Detected dialect: W3C
]]></system-err>
  </testcase>
</testsuite>