<?xml version="1.0" encoding="UTF-8"?>
<testsuite xmlns:xsi="http://www.w3.org/2001/XMLSchema-instance" xsi:noNamespaceSchemaLocation="https://maven.apache.org/surefire/maven-surefire-plugin/xsd/surefire-test-report.xsd" name="TestSuite" time="130.798" tests="11" errors="0" skipped="0" failures="4">
  <properties>
[...]
</properties>
  <testcase name="userCannotProvideInvalidEmail" classname="com.customertimes.test.hw4.registration.EmailValidationTest" time="3.228"/>
  <testcase name="userCanLoginToJuiceShop" classname="com.customertimes.test.hw4.login.LoginTest" time="1.44"/>
  <testcase name="userCanAddProductToBasket" classname="com.customertimes.test.hw5.AddProductToBasketTest" time="2.872">
    <failure message="The following asserts failed:&#10;	The product doesn&apos;t match expected [Apple Juice (1000ml)] but found [Apple Pomace],&#10;	The quantity doesn&apos;t match expected [1] but found [2]" type="java.lang.AssertionError">java.lang.AssertionError: 
The following asserts failed:
	The product doesn't match expected [Apple Juice (1000ml)] but found [Apple Pomace],
	The quantity doesn't match expected [1] but found [2]
	at com.customertimes.test.hw5.AddProductToBasketTest.userCanAddProductToBasket(AddProductToBasketTest.java:52)
</failure>
    <system-out><![CDATA[This is after suite
This is before class in the base test
]]></system-out>
    <system-err><![CDATA[Aug 09, 2021 1:03:20 PM org.openqa.selenium.remote.ProtocolHandshake createSession
INFO: Detected dialect: W3C
]]></system-err>
  </testcase>
  <testcase name="userPasswordsMatched" classname="com.customertimes.test.hw4.registration.PasswordMatchingValidationTest" time="2.397"/>
  <testcase name="userCannotLoginWithoutPassword" classname="com.customertimes.test.hw4.login.LoginWithEmptyPasswordTest" time="1.102"/>
  <testcase name="userCannotAddSoldOutProductToBasket" classname="com.customertimes.test.hw5.NoAbilityToAddSoldOutProductTest" time="4.889"/>
  <testcase name="userCanRegisterToJuicyShop" classname="com.customertimes.test.hw4.registration.RegistrationTest" time="5.166"/>
  <testcase name="userCannotLoginWithIncorrect2FA" classname="com.customertimes.test.hw4.login.LoginWithIncorrect2FATest" time="13.445">
    <failure message="Expected condition failed: waiting for visibility of all elements located by By.id: totpToken (tried for 10 second(s) with 500 milliseconds interval)&#10;Build info: version: &apos;3.141.59&apos;, revision: &apos;e82be7d358&apos;, time: &apos;2018-11-14T08:17:03&apos;&#10;System info: host: &apos;DESKTOP-B5CJTOK&apos;, ip: &apos;172.29.128.1&apos;, os.name: &apos;Windows 10&apos;, os.arch: &apos;amd64&apos;, os.version: &apos;10.0&apos;, java.version: &apos;15.0.2&apos;&#10;Driver info: org.openqa.selenium.remote.RemoteWebDriver&#10;Capabilities {acceptInsecureCerts: false, browserName: chrome, browserVersion: 90.0.4430.72, chrome: {chromedriverVersion: 90.0.4430.24 (4c6d850f087da..., userDataDir: /tmp/.com.google.Chrome.yvtPv7}, goog:chromeOptions: {debuggerAddress: localhost:36873}, javascriptEnabled: true, networkConnectionEnabled: false, pageLoadStrategy: normal, platform: LINUX, platformName: LINUX, proxy: Proxy(), setWindowRect: true, strictFileInteractability: false, timeouts: {implicit: 0, pageLoad: 300000, script: 30000}, unhandledPromptBehavior: dismiss and notify, webauthn:extension:largeBlob: true, webauthn:virtualAuthenticators: true}&#10;Session ID: 6fdacefe8cab5c9af353993545a9d104" type="org.openqa.selenium.TimeoutException">org.openqa.selenium.TimeoutException: 
Expected condition failed: waiting for visibility of all elements located by By.id: totpToken (tried for 10 second(s) with 500 milliseconds interval)
Build info: version: '3.141.59', revision: 'e82be7d358', time: '2018-11-14T08:17:03'
System info: host: 'DESKTOP-B5CJTOK', ip: '172.29.128.1', os.name: 'Windows 10', os.arch: 'amd64', os.version: '10.0', java.version: '15.0.2'
Driver info: org.openqa.selenium.remote.RemoteWebDriver
Capabilities {acceptInsecureCerts: false, browserName: chrome, browserVersion: 90.0.4430.72, chrome: {chromedriverVersion: 90.0.4430.24 (4c6d850f087da..., userDataDir: /tmp/.com.google.Chrome.yvtPv7}, goog:chromeOptions: {debuggerAddress: localhost:36873}, javascriptEnabled: true, networkConnectionEnabled: false, pageLoadStrategy: normal, platform: LINUX, platformName: LINUX, proxy: Proxy(), setWindowRect: true, strictFileInteractability: false, timeouts: {implicit: 0, pageLoad: 300000, script: 30000}, unhandledPromptBehavior: dismiss and notify, webauthn:extension:largeBlob: true, webauthn:virtualAuthenticators: true}
Session ID: 6fdacefe8cab5c9af353993545a9d104
	at com.customertimes.test.hw4.login.LoginWithIncorrect2FATest.userCannotLoginWithIncorrect2FA(LoginWithIncorrect2FATest.java:43)
</failure>
    <system-out><![CDATA[This is after suite
This is before class in the base test
]]></system-out>
    <system-err><![CDATA[Aug 09, 2021 1:04:04 PM org.openqa.selenium.remote.ProtocolHandshake createSession
INFO: Detected dialect: W3C
]]></system-err>
  </testcase>
  <testcase name="productInfoMatchingTest" classname="com.customertimes.test.hw5.ProductInfoTest" time="11.488">
    <failure message="Expected condition failed: waiting for visibility of all elements located by By.cssSelector: .mat-dialog-content p:only-child (tried for 10 second(s) with 500 milliseconds interval)&#10;Build info: version: &apos;3.141.59&apos;, revision: &apos;e82be7d358&apos;, time: &apos;2018-11-14T08:17:03&apos;&#10;System info: host: &apos;DESKTOP-B5CJTOK&apos;, ip: &apos;172.29.128.1&apos;, os.name: &apos;Windows 10&apos;, os.arch: &apos;amd64&apos;, os.version: &apos;10.0&apos;, java.version: &apos;15.0.2&apos;&#10;Driver info: org.openqa.selenium.remote.RemoteWebDriver&#10;Capabilities {acceptInsecureCerts: false, browserName: chrome, browserVersion: 90.0.4430.72, chrome: {chromedriverVersion: 90.0.4430.24 (4c6d850f087da..., userDataDir: /tmp/.com.google.Chrome.vwIv4s}, goog:chromeOptions: {debuggerAddress: localhost:36447}, javascriptEnabled: true, networkConnectionEnabled: false, pageLoadStrategy: normal, platform: LINUX, platformName: LINUX, proxy: Proxy(), setWindowRect: true, strictFileInteractability: false, timeouts: {implicit: 0, pageLoad: 300000, script: 30000}, unhandledPromptBehavior: dismiss and notify, webauthn:extension:largeBlob: true, webauthn:virtualAuthenticators: true}&#10;Session ID: 8e85a648f901517bffcbce2985ae6e51" type="org.openqa.selenium.TimeoutException">org.openqa.selenium.TimeoutException: 
Expected condition failed: waiting for visibility of all elements located by By.cssSelector: .mat-dialog-content p:only-child (tried for 10 second(s) with 500 milliseconds interval)
Build info: version: '3.141.59', revision: 'e82be7d358', time: '2018-11-14T08:17:03'
System info: host: 'DESKTOP-B5CJTOK', ip: '172.29.128.1', os.name: 'Windows 10', os.arch: 'amd64', os.version: '10.0', java.version: '15.0.2'
Driver info: org.openqa.selenium.remote.RemoteWebDriver
Capabilities {acceptInsecureCerts: false, browserName: chrome, browserVersion: 90.0.4430.72, chrome: {chromedriverVersion: 90.0.4430.24 (4c6d850f087da..., userDataDir: /tmp/.com.google.Chrome.vwIv4s}, goog:chromeOptions: {debuggerAddress: localhost:36447}, javascriptEnabled: true, networkConnectionEnabled: false, pageLoadStrategy: normal, platform: LINUX, platformName: LINUX, proxy: Proxy(), setWindowRect: true, strictFileInteractability: false, timeouts: {implicit: 0, pageLoad: 300000, script: 30000}, unhandledPromptBehavior: dismiss and notify, webauthn:extension:largeBlob: true, webauthn:virtualAuthenticators: true}
Session ID: 8e85a648f901517bffcbce2985ae6e51
	at com.customertimes.test.hw5.ProductInfoTest.productInfoMatchingTest(ProductInfoTest.java:39)
</failure>
    <system-out><![CDATA[This is after suite
This is before class in the base test
]]></system-out>
    <system-err><![CDATA[Aug 09, 2021 1:04:27 PM org.openqa.selenium.remote.ProtocolHandshake createSession
INFO: Detected dialect: W3C
]]></system-err>
  </testcase>
  <testcase name="userCannotUseEmailTwice" classname="com.customertimes.test.hw4.registration.UniqueEmailValidationTest" time="3.533"/>
  <testcase name="userCannotUseIncorrectCredentials" classname="com.customertimes.test.hw4.login.LoginWithIncorrectCredentialsTest" time="2.306">
    <failure message="Incorrect credentials validation doesn&apos;t work correctly expected [Invalid email or password] but found [Invalid email or password.]" type="java.lang.AssertionError">java.lang.AssertionError: Incorrect credentials validation doesn't work correctly expected [Invalid email or password] but found [Invalid email or password.]
	at com.customertimes.test.hw4.login.LoginWithIncorrectCredentialsTest.userCannotUseIncorrectCredentials(LoginWithIncorrectCredentialsTest.java:39)
</failure>
    <system-out><![CDATA[This is after suite
This is before class in the base test
]]></system-out>
    <system-err><![CDATA[Aug 09, 2021 1:04:52 PM org.openqa.selenium.remote.ProtocolHandshake createSession
INFO: Detected dialect: W3C
]]></system-err>
  </testcase>
</testsuite>