<?xml version="1.0" encoding="UTF-8"?>
<testng-results ignored="10" total="21" passed="7" failed="4" skipped="0">
  <reporter-output>
  </reporter-output>
  <suite started-at="2021-08-09T13:02:48 EEST" name="Regression Suite" finished-at="2021-08-09T13:04:56 EEST" duration-ms="128443">
    <groups>
    </groups>
    <test started-at="2021-08-09T13:02:48 EEST" name="Regression" finished-at="2021-08-09T13:04:56 EEST" duration-ms="128443">
      <class name="com.customertimes.test.hw4.login.LoginWithIncorrect2FATest">
        <test-method is-config="true" signature="beforeClassInTheBaseTest()[pri:0, instance:com.customertimes.test.hw4.login.LoginWithIncorrect2FATest@49096b06]" started-at="2021-08-09T13:04:01 EEST" name="beforeClassInTheBaseTest" finished-at="2021-08-09T13:04:04 EEST" duration-ms="2563" status="PASS">
          <reporter-output>
          </reporter-output>
        </test-method> <!-- beforeClassInTheBaseTest -->
        <test-method is-config="true" signature="setup()[pri:0, instance:com.customertimes.test.hw4.login.LoginWithIncorrect2FATest@49096b06]" started-at="2021-08-09T13:04:04 EEST" name="setup" finished-at="2021-08-09T13:04:10 EEST" duration-ms="6677" status="PASS">
          <reporter-output>
          </reporter-output>
        </test-method> <!-- setup -->
        <test-method signature="userCannotLoginWithIncorrect2FA()[pri:0, instance:com.customertimes.test.hw4.login.LoginWithIncorrect2FATest@49096b06]" started-at="2021-08-09T13:04:10 EEST" name="userCannotLoginWithIncorrect2FA" finished-at="2021-08-09T13:04:22 EEST" duration-ms="11707" status="FAIL">
          <exception class="org.openqa.selenium.TimeoutException">
            <message>
              <![CDATA[Expected condition failed: waiting for visibility of all elements located by By.id: totpToken (tried for 10 second(s) with 500 milliseconds interval)
Build info: version: '3.141.59', revision: 'e82be7d358', time: '2018-11-14T08:17:03'
System info: host: 'DESKTOP-B5CJTOK', ip: '172.29.128.1', os.name: 'Windows 10', os.arch: 'amd64', os.version: '10.0', java.version: '15.0.2'
Driver info: org.openqa.selenium.remote.RemoteWebDriver
Capabilities {acceptInsecureCerts: false, browserName: chrome, browserVersion: 90.0.4430.72, chrome: {chromedriverVersion: 90.0.4430.24 (4c6d850f087da..., userDataDir: /tmp/.com.google.Chrome.yvtPv7}, goog:chromeOptions: {debuggerAddress: localhost:36873}, javascriptEnabled: true, networkConnectionEnabled: false, pageLoadStrategy: normal, platform: LINUX, platformName: LINUX, proxy: Proxy(), setWindowRect: true, strictFileInteractability: false, timeouts: {implicit: 0, pageLoad: 300000, script: 30000}, unhandledPromptBehavior: dismiss and notify, webauthn:extension:largeBlob: true, webauthn:virtualAuthenticators: true}
Session ID: 6fdacefe8cab5c9af353993545a9d104]]>
            </message>
            <full-stacktrace>
              <![CDATA[org.openqa.selenium.TimeoutException: Expected condition failed: waiting for visibility of all elements located by By.id: totpToken (tried for 10 second(s) with 500 milliseconds interval)
Build info: version: '3.141.59', revision: 'e82be7d358', time: '2018-11-14T08:17:03'
System info: host: 'DESKTOP-B5CJTOK', ip: '172.29.128.1', os.name: 'Windows 10', os.arch: 'amd64', os.version: '10.0', java.version: '15.0.2'
Driver info: org.openqa.selenium.remote.RemoteWebDriver
Capabilities {acceptInsecureCerts: false, browserName: chrome, browserVersion: 90.0.4430.72, chrome: {chromedriverVersion: 90.0.4430.24 (4c6d850f087da..., userDataDir: /tmp/.com.google.Chrome.yvtPv7}, goog:chromeOptions: {debuggerAddress: localhost:36873}, javascriptEnabled: true, networkConnectionEnabled: false, pageLoadStrategy: normal, platform: LINUX, platformName: LINUX, proxy: Proxy(), setWindowRect: true, strictFileInteractability: false, timeouts: {implicit: 0, pageLoad: 300000, script: 30000}, unhandledPromptBehavior: dismiss and notify, webauthn:extension:largeBlob: true, webauthn:virtualAuthenticators: true}
Session ID: 6fdacefe8cab5c9af353993545a9d104
at org.openqa.selenium.support.ui.WebDriverWait.timeoutException(WebDriverWait.java:95)
at org.openqa.selenium.support.ui.FluentWait.until(FluentWait.java:272)
at com.customertimes.framework.pages.AbstractPage.getElement(AbstractPage.java:24)
at com.customertimes.framework.pages.TwoFactorAuthenticationPage.enter2FA(TwoFactorAuthenticationPage.java:30)
at com.customertimes.test.hw4.login.LoginWithIncorrect2FATest.userCannotLoginWithIncorrect2FA(LoginWithIncorrect2FATest.java:43)
at java.base/jdk.internal.reflect.NativeMethodAccessorImpl.invoke0(Native Method)
at java.base/jdk.internal.reflect.NativeMethodAccessorImpl.invoke(NativeMethodAccessorImpl.java:64)
at java.base/jdk.internal.reflect.DelegatingMethodAccessorImpl.invoke(DelegatingMethodAccessorImpl.java:43)
at java.base/java.lang.reflect.Method.invoke(Method.java:564)
at org.testng.internal.MethodInvocationHelper.invokeMethod(MethodInvocationHelper.java:133)
at org.testng.internal.TestInvoker.invokeMethod(TestInvoker.java:598)
at org.testng.internal.TestInvoker.invokeTestMethod(TestInvoker.java:173)
at org.testng.internal.MethodRunner.runInSequence(MethodRunner.java:46)
at org.testng.internal.TestInvoker$MethodInvocationAgent.invoke(TestInvoker.java:824)
at org.testng.internal.TestInvoker.invokeTestMethods(TestInvoker.java:146)
at org.testng.internal.TestMethodWorker.invokeTestMethods(TestMethodWorker.java:146)
at org.testng.internal.TestMethodWorker.run(TestMethodWorker.java:128)
at java.base/java.util.ArrayList.forEach(ArrayList.java:1511)
at org.testng.TestRunner.privateRun(TestRunner.java:794)
at org.testng.TestRunner.run(TestRunner.java:596)
at org.testng.SuiteRunner.runTest(SuiteRunner.java:377)
at org.testng.SuiteRunner.runSequentially(SuiteRunner.java:371)
at org.testng.SuiteRunner.privateRun(SuiteRunner.java:332)
at org.testng.SuiteRunner.run(SuiteRunner.java:276)
at org.testng.SuiteRunnerWorker.runSuite(SuiteRunnerWorker.java:53)
at org.testng.SuiteRunnerWorker.run(SuiteRunnerWorker.java:96)
at org.testng.TestNG.runSuitesSequentially(TestNG.java:1212)
at org.testng.TestNG.runSuitesLocally(TestNG.java:1134)
at org.testng.TestNG.runSuites(TestNG.java:1063)
at org.testng.TestNG.run(TestNG.java:1031)
at org.apache.maven.surefire.testng.TestNGExecutor.run(TestNGExecutor.java:283)
at org.apache.maven.surefire.testng.TestNGXmlTestSuite.execute(TestNGXmlTestSuite.java:75)
at org.apache.maven.surefire.testng.TestNGProvider.invoke(TestNGProvider.java:120)
at org.apache.maven.surefire.booter.ForkedBooter.invokeProviderInSameClassLoader(ForkedBooter.java:386)
at org.apache.maven.surefire.booter.ForkedBooter.runSuitesInProcess(ForkedBooter.java:323)
at org.apache.maven.surefire.booter.ForkedBooter.main(ForkedBooter.java:143)
]]>
            </full-stacktrace>
          </exception> <!-- org.openqa.selenium.TimeoutException -->
          <reporter-output>
          </reporter-output>
        </test-method> <!-- userCannotLoginWithIncorrect2FA -->
        <test-method is-config="true" signature="afterClass()[pri:0, instance:com.customertimes.test.hw4.login.LoginWithIncorrect2FATest@49096b06]" started-at="2021-08-09T13:04:24 EEST" name="afterClass" finished-at="2021-08-09T13:04:24 EEST" duration-ms="325" status="PASS">
          <reporter-output>
          </reporter-output>
        </test-method> <!-- afterClass -->
      </class> <!-- com.customertimes.test.hw4.login.LoginWithIncorrect2FATest -->
      <class name="com.customertimes.test.hw4.login.LoginWithEmptyPasswordTest">
        <test-method is-config="true" signature="beforeClassInTheBaseTest()[pri:0, instance:com.customertimes.test.hw4.login.LoginWithEmptyPasswordTest@41d7b27f]" started-at="2021-08-09T13:03:31 EEST" name="beforeClassInTheBaseTest" finished-at="2021-08-09T13:03:33 EEST" duration-ms="2559" status="PASS">
          <reporter-output>
          </reporter-output>
        </test-method> <!-- beforeClassInTheBaseTest -->
        <test-method is-config="true" signature="setup()[pri:0, instance:com.customertimes.test.hw4.login.LoginWithEmptyPasswordTest@41d7b27f]" started-at="2021-08-09T13:03:33 EEST" name="setup" finished-at="2021-08-09T13:03:36 EEST" duration-ms="3157" status="PASS">
          <reporter-output>
          </reporter-output>
        </test-method> <!-- setup -->
        <test-method signature="userCannotLoginWithoutPassword()[pri:0, instance:com.customertimes.test.hw4.login.LoginWithEmptyPasswordTest@41d7b27f]" started-at="2021-08-09T13:03:36 EEST" name="userCannotLoginWithoutPassword" finished-at="2021-08-09T13:03:37 EEST" duration-ms="1111" status="PASS">
          <reporter-output>
          </reporter-output>
        </test-method> <!-- userCannotLoginWithoutPassword -->
        <test-method is-config="true" signature="afterClass()[pri:0, instance:com.customertimes.test.hw4.login.LoginWithEmptyPasswordTest@41d7b27f]" started-at="2021-08-09T13:03:37 EEST" name="afterClass" finished-at="2021-08-09T13:03:37 EEST" duration-ms="56" status="PASS">
          <reporter-output>
          </reporter-output>
        </test-method> <!-- afterClass -->
      </class> <!-- com.customertimes.test.hw4.login.LoginWithEmptyPasswordTest -->
      <class name="com.customertimes.test.hw5.NoAbilityToAddSoldOutProductTest">
        <test-method is-config="true" signature="beforeClassInTheBaseTest()[pri:0, instance:com.customertimes.test.hw5.NoAbilityToAddSoldOutProductTest@5b5caf08]" started-at="2021-08-09T13:03:37 EEST" name="beforeClassInTheBaseTest" finished-at="2021-08-09T13:03:43 EEST" duration-ms="5189" status="PASS">
          <reporter-output>
          </reporter-output>
        </test-method> <!-- beforeClassInTheBaseTest -->
        <test-method is-config="true" signature="setup()[pri:0, instance:com.customertimes.test.hw5.NoAbilityToAddSoldOutProductTest@5b5caf08]" started-at="2021-08-09T13:03:43 EEST" name="setup" finished-at="2021-08-09T13:03:45 EEST" duration-ms="2159" status="PASS">
          <reporter-output>
          </reporter-output>
        </test-method> <!-- setup -->
        <test-method signature="userCannotAddSoldOutProductToBasket()[pri:0, instance:com.customertimes.test.hw5.NoAbilityToAddSoldOutProductTest@5b5caf08]" started-at="2021-08-09T13:03:45 EEST" name="userCannotAddSoldOutProductToBasket" finished-at="2021-08-09T13:03:50 EEST" duration-ms="4877" status="PASS">
          <reporter-output>
          </reporter-output>
        </test-method> <!-- userCannotAddSoldOutProductToBasket -->
        <test-method is-config="true" signature="afterClass()[pri:0, instance:com.customertimes.test.hw5.NoAbilityToAddSoldOutProductTest@5b5caf08]" started-at="2021-08-09T13:03:50 EEST" name="afterClass" finished-at="2021-08-09T13:03:50 EEST" duration-ms="60" status="PASS">
          <reporter-output>
          </reporter-output>
        </test-method> <!-- afterClass -->
      </class> <!-- com.customertimes.test.hw5.NoAbilityToAddSoldOutProductTest -->
      <class name="com.customertimes.test.hw5.ProductInfoTest">
        <test-method is-config="true" signature="beforeClassInTheBaseTest()[pri:0, instance:com.customertimes.test.hw5.ProductInfoTest@70807224]" started-at="2021-08-09T13:04:24 EEST" name="beforeClassInTheBaseTest" finished-at="2021-08-09T13:04:27 EEST" duration-ms="2852" status="PASS">
          <reporter-output>
          </reporter-output>
        </test-method> <!-- beforeClassInTheBaseTest -->
        <test-method is-config="true" signature="setup()[pri:0, instance:com.customertimes.test.hw5.ProductInfoTest@70807224]" started-at="2021-08-09T13:04:27 EEST" name="setup" finished-at="2021-08-09T13:04:30 EEST" duration-ms="2232" status="PASS">
          <reporter-output>
          </reporter-output>
        </test-method> <!-- setup -->
        <test-method signature="productInfoMatchingTest()[pri:0, instance:com.customertimes.test.hw5.ProductInfoTest@70807224]" started-at="2021-08-09T13:04:30 EEST" name="productInfoMatchingTest" finished-at="2021-08-09T13:04:41 EEST" duration-ms="11155" status="FAIL">
          <exception class="org.openqa.selenium.TimeoutException">
            <message>
              <![CDATA[Expected condition failed: waiting for visibility of all elements located by By.cssSelector: .mat-dialog-content p:only-child (tried for 10 second(s) with 500 milliseconds interval)
Build info: version: '3.141.59', revision: 'e82be7d358', time: '2018-11-14T08:17:03'
System info: host: 'DESKTOP-B5CJTOK', ip: '172.29.128.1', os.name: 'Windows 10', os.arch: 'amd64', os.version: '10.0', java.version: '15.0.2'
Driver info: org.openqa.selenium.remote.RemoteWebDriver
Capabilities {acceptInsecureCerts: false, browserName: chrome, browserVersion: 90.0.4430.72, chrome: {chromedriverVersion: 90.0.4430.24 (4c6d850f087da..., userDataDir: /tmp/.com.google.Chrome.vwIv4s}, goog:chromeOptions: {debuggerAddress: localhost:36447}, javascriptEnabled: true, networkConnectionEnabled: false, pageLoadStrategy: normal, platform: LINUX, platformName: LINUX, proxy: Proxy(), setWindowRect: true, strictFileInteractability: false, timeouts: {implicit: 0, pageLoad: 300000, script: 30000}, unhandledPromptBehavior: dismiss and notify, webauthn:extension:largeBlob: true, webauthn:virtualAuthenticators: true}
Session ID: 8e85a648f901517bffcbce2985ae6e51]]>
            </message>
            <full-stacktrace>
              <![CDATA[org.openqa.selenium.TimeoutException: Expected condition failed: waiting for visibility of all elements located by By.cssSelector: .mat-dialog-content p:only-child (tried for 10 second(s) with 500 milliseconds interval)
Build info: version: '3.141.59', revision: 'e82be7d358', time: '2018-11-14T08:17:03'
System info: host: 'DESKTOP-B5CJTOK', ip: '172.29.128.1', os.name: 'Windows 10', os.arch: 'amd64', os.version: '10.0', java.version: '15.0.2'
Driver info: org.openqa.selenium.remote.RemoteWebDriver
Capabilities {acceptInsecureCerts: false, browserName: chrome, browserVersion: 90.0.4430.72, chrome: {chromedriverVersion: 90.0.4430.24 (4c6d850f087da..., userDataDir: /tmp/.com.google.Chrome.vwIv4s}, goog:chromeOptions: {debuggerAddress: localhost:36447}, javascriptEnabled: true, networkConnectionEnabled: false, pageLoadStrategy: normal, platform: LINUX, platformName: LINUX, proxy: Proxy(), setWindowRect: true, strictFileInteractability: false, timeouts: {implicit: 0, pageLoad: 300000, script: 30000}, unhandledPromptBehavior: dismiss and notify, webauthn:extension:largeBlob: true, webauthn:virtualAuthenticators: true}
Session ID: 8e85a648f901517bffcbce2985ae6e51
at org.openqa.selenium.support.ui.WebDriverWait.timeoutException(WebDriverWait.java:95)
at org.openqa.selenium.support.ui.FluentWait.until(FluentWait.java:272)
at com.customertimes.framework.pages.AbstractPage.getElement(AbstractPage.java:24)
at com.customertimes.framework.pages.AllProductsPage.getProductPrice(AllProductsPage.java:69)
at com.customertimes.test.hw5.ProductInfoTest.productInfoMatchingTest(ProductInfoTest.java:39)
at java.base/jdk.internal.reflect.NativeMethodAccessorImpl.invoke0(Native Method)
at java.base/jdk.internal.reflect.NativeMethodAccessorImpl.invoke(NativeMethodAccessorImpl.java:64)
at java.base/jdk.internal.reflect.DelegatingMethodAccessorImpl.invoke(DelegatingMethodAccessorImpl.java:43)
at java.base/java.lang.reflect.Method.invoke(Method.java:564)
at org.testng.internal.MethodInvocationHelper.invokeMethod(MethodInvocationHelper.java:133)
at org.testng.internal.TestInvoker.invokeMethod(TestInvoker.java:598)
at org.testng.internal.TestInvoker.invokeTestMethod(TestInvoker.java:173)
at org.testng.internal.MethodRunner.runInSequence(MethodRunner.java:46)
at org.testng.internal.TestInvoker$MethodInvocationAgent.invoke(TestInvoker.java:824)
at org.testng.internal.TestInvoker.invokeTestMethods(TestInvoker.java:146)
at org.testng.internal.TestMethodWorker.invokeTestMethods(TestMethodWorker.java:146)
at org.testng.internal.TestMethodWorker.run(TestMethodWorker.java:128)
at java.base/java.util.ArrayList.forEach(ArrayList.java:1511)
at org.testng.TestRunner.privateRun(TestRunner.java:794)
at org.testng.TestRunner.run(TestRunner.java:596)
at org.testng.SuiteRunner.runTest(SuiteRunner.java:377)
at org.testng.SuiteRunner.runSequentially(SuiteRunner.java:371)
at org.testng.SuiteRunner.privateRun(SuiteRunner.java:332)
at org.testng.SuiteRunner.run(SuiteRunner.java:276)
at org.testng.SuiteRunnerWorker.runSuite(SuiteRunnerWorker.java:53)
at org.testng.SuiteRunnerWorker.run(SuiteRunnerWorker.java:96)
at org.testng.TestNG.runSuitesSequentially(TestNG.java:1212)
at org.testng.TestNG.runSuitesLocally(TestNG.java:1134)
at org.testng.TestNG.runSuites(TestNG.java:1063)
at org.testng.TestNG.run(TestNG.java:1031)
at org.apache.maven.surefire.testng.TestNGExecutor.run(TestNGExecutor.java:283)
at org.apache.maven.surefire.testng.TestNGXmlTestSuite.execute(TestNGXmlTestSuite.java:75)
at org.apache.maven.surefire.testng.TestNGProvider.invoke(TestNGProvider.java:120)
at org.apache.maven.surefire.booter.ForkedBooter.invokeProviderInSameClassLoader(ForkedBooter.java:386)
at org.apache.maven.surefire.booter.ForkedBooter.runSuitesInProcess(ForkedBooter.java:323)
at org.apache.maven.surefire.booter.ForkedBooter.main(ForkedBooter.java:143)
]]>
            </full-stacktrace>
          </exception> <!-- org.openqa.selenium.TimeoutException -->
          <reporter-output>
          </reporter-output>
        </test-method> <!-- productInfoMatchingTest -->
        <test-method is-config="true" signature="afterClass()[pri:0, instance:com.customertimes.test.hw5.ProductInfoTest@70807224]" started-at="2021-08-09T13:04:41 EEST" name="afterClass" finished-at="2021-08-09T13:04:41 EEST" duration-ms="59" status="PASS">
          <reporter-output>
          </reporter-output>
        </test-method> <!-- afterClass -->
      </class> <!-- com.customertimes.test.hw5.ProductInfoTest -->
      <class name="com.customertimes.test.hw4.registration.RegistrationTest">
        <test-method is-config="true" signature="beforeClassInTheBaseTest()[pri:0, instance:com.customertimes.test.hw4.registration.RegistrationTest@35e478f]" started-at="2021-08-09T13:03:50 EEST" name="beforeClassInTheBaseTest" finished-at="2021-08-09T13:03:54 EEST" duration-ms="4107" status="PASS">
          <reporter-output>
          </reporter-output>
        </test-method> <!-- beforeClassInTheBaseTest -->
        <test-method is-config="true" signature="setup()[pri:0, instance:com.customertimes.test.hw4.registration.RegistrationTest@35e478f]" started-at="2021-08-09T13:03:54 EEST" name="setup" finished-at="2021-08-09T13:03:56 EEST" duration-ms="1879" status="PASS">
          <reporter-output>
          </reporter-output>
        </test-method> <!-- setup -->
        <test-method signature="userCanRegisterToJuicyShop()[pri:0, instance:com.customertimes.test.hw4.registration.RegistrationTest@35e478f]" started-at="2021-08-09T13:03:56 EEST" name="userCanRegisterToJuicyShop" finished-at="2021-08-09T13:04:01 EEST" duration-ms="5171" status="PASS">
          <reporter-output>
          </reporter-output>
        </test-method> <!-- userCanRegisterToJuicyShop -->
        <test-method is-config="true" signature="afterClass()[pri:0, instance:com.customertimes.test.hw4.registration.RegistrationTest@35e478f]" started-at="2021-08-09T13:04:01 EEST" name="afterClass" finished-at="2021-08-09T13:04:01 EEST" duration-ms="60" status="PASS">
          <reporter-output>
          </reporter-output>
        </test-method> <!-- afterClass -->
      </class> <!-- com.customertimes.test.hw4.registration.RegistrationTest -->
      <class name="com.customertimes.test.hw4.registration.UniqueEmailValidationTest">
        <test-method is-config="true" signature="beforeClassInTheBaseTest()[pri:0, instance:com.customertimes.test.hw4.registration.UniqueEmailValidationTest@6d6cb754]" started-at="2021-08-09T13:04:41 EEST" name="beforeClassInTheBaseTest" finished-at="2021-08-09T13:04:44 EEST" duration-ms="2657" status="PASS">
          <reporter-output>
          </reporter-output>
        </test-method> <!-- beforeClassInTheBaseTest -->
        <test-method is-config="true" signature="setup()[pri:0, instance:com.customertimes.test.hw4.registration.UniqueEmailValidationTest@6d6cb754]" started-at="2021-08-09T13:04:44 EEST" name="setup" finished-at="2021-08-09T13:04:45 EEST" duration-ms="1264" status="PASS">
          <reporter-output>
          </reporter-output>
        </test-method> <!-- setup -->
        <test-method signature="userCannotUseEmailTwice()[pri:0, instance:com.customertimes.test.hw4.registration.UniqueEmailValidationTest@6d6cb754]" started-at="2021-08-09T13:04:45 EEST" name="userCannotUseEmailTwice" finished-at="2021-08-09T13:04:49 EEST" duration-ms="3542" status="PASS">
          <reporter-output>
          </reporter-output>
        </test-method> <!-- userCannotUseEmailTwice -->
        <test-method is-config="true" signature="afterClass()[pri:0, instance:com.customertimes.test.hw4.registration.UniqueEmailValidationTest@6d6cb754]" started-at="2021-08-09T13:04:49 EEST" name="afterClass" finished-at="2021-08-09T13:04:49 EEST" duration-ms="59" status="PASS">
          <reporter-output>
          </reporter-output>
        </test-method> <!-- afterClass -->
      </class> <!-- com.customertimes.test.hw4.registration.UniqueEmailValidationTest -->
      <class name="com.customertimes.test.hw4.registration.PasswordMatchingValidationTest">
        <test-method is-config="true" signature="beforeClassInTheBaseTest()[pri:0, instance:com.customertimes.test.hw4.registration.PasswordMatchingValidationTest@17d238b1]" started-at="2021-08-09T13:03:25 EEST" name="beforeClassInTheBaseTest" finished-at="2021-08-09T13:03:27 EEST" duration-ms="2242" status="PASS">
          <reporter-output>
          </reporter-output>
        </test-method> <!-- beforeClassInTheBaseTest -->
        <test-method is-config="true" signature="setup()[pri:0, instance:com.customertimes.test.hw4.registration.PasswordMatchingValidationTest@17d238b1]" started-at="2021-08-09T13:03:27 EEST" name="setup" finished-at="2021-08-09T13:03:28 EEST" duration-ms="1026" status="PASS">
          <reporter-output>
          </reporter-output>
        </test-method> <!-- setup -->
        <test-method signature="userPasswordsMatched()[pri:0, instance:com.customertimes.test.hw4.registration.PasswordMatchingValidationTest@17d238b1]" started-at="2021-08-09T13:03:28 EEST" name="userPasswordsMatched" finished-at="2021-08-09T13:03:30 EEST" duration-ms="2400" status="PASS">
          <reporter-output>
          </reporter-output>
        </test-method> <!-- userPasswordsMatched -->
        <test-method is-config="true" signature="afterClass()[pri:0, instance:com.customertimes.test.hw4.registration.PasswordMatchingValidationTest@17d238b1]" started-at="2021-08-09T13:03:30 EEST" name="afterClass" finished-at="2021-08-09T13:03:31 EEST" duration-ms="113" status="PASS">
          <reporter-output>
          </reporter-output>
        </test-method> <!-- afterClass -->
      </class> <!-- com.customertimes.test.hw4.registration.PasswordMatchingValidationTest -->
      <class name="com.customertimes.test.hw4.login.LoginTest">
        <test-method is-config="true" signature="beforeClassInTheBaseTest()[pri:0, instance:com.customertimes.test.hw4.login.LoginTest@6b7d1df8]" started-at="2021-08-09T13:03:12 EEST" name="beforeClassInTheBaseTest" finished-at="2021-08-09T13:03:14 EEST" duration-ms="2769" status="PASS">
          <reporter-output>
          </reporter-output>
        </test-method> <!-- beforeClassInTheBaseTest -->
        <test-method is-config="true" signature="setup()[pri:0, instance:com.customertimes.test.hw4.login.LoginTest@6b7d1df8]" started-at="2021-08-09T13:03:14 EEST" name="setup" finished-at="2021-08-09T13:03:16 EEST" duration-ms="1275" status="PASS">
          <reporter-output>
          </reporter-output>
        </test-method> <!-- setup -->
        <test-method signature="userCanLoginToJuiceShop()[pri:0, instance:com.customertimes.test.hw4.login.LoginTest@6b7d1df8]" started-at="2021-08-09T13:03:16 EEST" name="userCanLoginToJuiceShop" finished-at="2021-08-09T13:03:17 EEST" duration-ms="1442" status="PASS">
          <reporter-output>
          </reporter-output>
        </test-method> <!-- userCanLoginToJuiceShop -->
        <test-method is-config="true" signature="afterClass()[pri:0, instance:com.customertimes.test.hw4.login.LoginTest@6b7d1df8]" started-at="2021-08-09T13:03:17 EEST" name="afterClass" finished-at="2021-08-09T13:03:17 EEST" duration-ms="107" status="PASS">
          <reporter-output>
          </reporter-output>
        </test-method> <!-- afterClass -->
      </class> <!-- com.customertimes.test.hw4.login.LoginTest -->
      <class name="com.customertimes.test.hw4.registration.EmailValidationTest">
        <test-method is-config="true" signature="beforeClassInTheBaseTest()[pri:0, instance:com.customertimes.test.hw4.registration.EmailValidationTest@5b6e8f77]" started-at="2021-08-09T13:02:48 EEST" name="beforeClassInTheBaseTest" finished-at="2021-08-09T13:03:01 EEST" duration-ms="13417" status="PASS">
          <reporter-output>
          </reporter-output>
        </test-method> <!-- beforeClassInTheBaseTest -->
        <test-method is-config="true" signature="setup()[pri:0, instance:com.customertimes.test.hw4.registration.EmailValidationTest@5b6e8f77]" started-at="2021-08-09T13:03:01 EEST" name="setup" finished-at="2021-08-09T13:03:08 EEST" duration-ms="6880" status="PASS">
          <reporter-output>
          </reporter-output>
        </test-method> <!-- setup -->
        <test-method signature="userCannotProvideInvalidEmail()[pri:0, instance:com.customertimes.test.hw4.registration.EmailValidationTest@5b6e8f77]" started-at="2021-08-09T13:03:08 EEST" name="userCannotProvideInvalidEmail" finished-at="2021-08-09T13:03:11 EEST" duration-ms="2979" status="PASS">
          <reporter-output>
          </reporter-output>
        </test-method> <!-- userCannotProvideInvalidEmail -->
        <test-method is-config="true" signature="afterClass()[pri:0, instance:com.customertimes.test.hw4.registration.EmailValidationTest@5b6e8f77]" started-at="2021-08-09T13:03:11 EEST" name="afterClass" finished-at="2021-08-09T13:03:12 EEST" duration-ms="84" status="PASS">
          <reporter-output>
          </reporter-output>
        </test-method> <!-- afterClass -->
        <test-method is-config="true" signature="tearDown()[pri:0, instance:com.customertimes.test.hw4.registration.EmailValidationTest@5b6e8f77]" started-at="2021-08-09T13:04:57 EEST" name="tearDown" finished-at="2021-08-09T13:04:57 EEST" duration-ms="2" status="PASS">
          <reporter-output>
          </reporter-output>
        </test-method> <!-- tearDown -->
      </class> <!-- com.customertimes.test.hw4.registration.EmailValidationTest -->
      <class name="com.customertimes.test.hw4.login.LoginWithIncorrectCredentialsTest">
        <test-method is-config="true" signature="beforeClassInTheBaseTest()[pri:0, instance:com.customertimes.test.hw4.login.LoginWithIncorrectCredentialsTest@143d9a93]" started-at="2021-08-09T13:04:49 EEST" name="beforeClassInTheBaseTest" finished-at="2021-08-09T13:04:53 EEST" duration-ms="3864" status="PASS">
          <reporter-output>
          </reporter-output>
        </test-method> <!-- beforeClassInTheBaseTest -->
        <test-method is-config="true" signature="setup()[pri:0, instance:com.customertimes.test.hw4.login.LoginWithIncorrectCredentialsTest@143d9a93]" started-at="2021-08-09T13:04:53 EEST" name="setup" finished-at="2021-08-09T13:04:54 EEST" duration-ms="1173" status="PASS">
          <reporter-output>
          </reporter-output>
        </test-method> <!-- setup -->
        <test-method signature="userCannotUseIncorrectCredentials()[pri:0, instance:com.customertimes.test.hw4.login.LoginWithIncorrectCredentialsTest@143d9a93]" started-at="2021-08-09T13:04:54 EEST" name="userCannotUseIncorrectCredentials" finished-at="2021-08-09T13:04:56 EEST" duration-ms="1961" status="FAIL">
          <exception class="java.lang.AssertionError">
            <message>
              <![CDATA[Incorrect credentials validation doesn't work correctly expected [Invalid email or password] but found [Invalid email or password.]]]>
            </message>
            <full-stacktrace>
              <![CDATA[java.lang.AssertionError: Incorrect credentials validation doesn't work correctly expected [Invalid email or password] but found [Invalid email or password.]
at org.testng.Assert.fail(Assert.java:99)
at org.testng.Assert.failNotEquals(Assert.java:1037)
at org.testng.Assert.assertEqualsImpl(Assert.java:140)
at org.testng.Assert.assertEquals(Assert.java:122)
at org.testng.Assert.assertEquals(Assert.java:629)
at com.customertimes.test.hw4.login.LoginWithIncorrectCredentialsTest.userCannotUseIncorrectCredentials(LoginWithIncorrectCredentialsTest.java:39)
at java.base/jdk.internal.reflect.NativeMethodAccessorImpl.invoke0(Native Method)
at java.base/jdk.internal.reflect.NativeMethodAccessorImpl.invoke(NativeMethodAccessorImpl.java:64)
at java.base/jdk.internal.reflect.DelegatingMethodAccessorImpl.invoke(DelegatingMethodAccessorImpl.java:43)
at java.base/java.lang.reflect.Method.invoke(Method.java:564)
at org.testng.internal.MethodInvocationHelper.invokeMethod(MethodInvocationHelper.java:133)
at org.testng.internal.TestInvoker.invokeMethod(TestInvoker.java:598)
at org.testng.internal.TestInvoker.invokeTestMethod(TestInvoker.java:173)
at org.testng.internal.MethodRunner.runInSequence(MethodRunner.java:46)
at org.testng.internal.TestInvoker$MethodInvocationAgent.invoke(TestInvoker.java:824)
at org.testng.internal.TestInvoker.invokeTestMethods(TestInvoker.java:146)
at org.testng.internal.TestMethodWorker.invokeTestMethods(TestMethodWorker.java:146)
at org.testng.internal.TestMethodWorker.run(TestMethodWorker.java:128)
at java.base/java.util.ArrayList.forEach(ArrayList.java:1511)
at org.testng.TestRunner.privateRun(TestRunner.java:794)
at org.testng.TestRunner.run(TestRunner.java:596)
at org.testng.SuiteRunner.runTest(SuiteRunner.java:377)
at org.testng.SuiteRunner.runSequentially(SuiteRunner.java:371)
at org.testng.SuiteRunner.privateRun(SuiteRunner.java:332)
at org.testng.SuiteRunner.run(SuiteRunner.java:276)
at org.testng.SuiteRunnerWorker.runSuite(SuiteRunnerWorker.java:53)
at org.testng.SuiteRunnerWorker.run(SuiteRunnerWorker.java:96)
at org.testng.TestNG.runSuitesSequentially(TestNG.java:1212)
at org.testng.TestNG.runSuitesLocally(TestNG.java:1134)
at org.testng.TestNG.runSuites(TestNG.java:1063)
at org.testng.TestNG.run(TestNG.java:1031)
at org.apache.maven.surefire.testng.TestNGExecutor.run(TestNGExecutor.java:283)
at org.apache.maven.surefire.testng.TestNGXmlTestSuite.execute(TestNGXmlTestSuite.java:75)
at org.apache.maven.surefire.testng.TestNGProvider.invoke(TestNGProvider.java:120)
at org.apache.maven.surefire.booter.ForkedBooter.invokeProviderInSameClassLoader(ForkedBooter.java:386)
at org.apache.maven.surefire.booter.ForkedBooter.runSuitesInProcess(ForkedBooter.java:323)
at org.apache.maven.surefire.booter.ForkedBooter.main(ForkedBooter.java:143)
]]>
            </full-stacktrace>
          </exception> <!-- java.lang.AssertionError -->
          <reporter-output>
          </reporter-output>
        </test-method> <!-- userCannotUseIncorrectCredentials -->
        <test-method is-config="true" signature="afterClass()[pri:0, instance:com.customertimes.test.hw4.login.LoginWithIncorrectCredentialsTest@143d9a93]" started-at="2021-08-09T13:04:56 EEST" name="afterClass" finished-at="2021-08-09T13:04:56 EEST" duration-ms="105" status="PASS">
          <reporter-output>
          </reporter-output>
        </test-method> <!-- afterClass -->
      </class> <!-- com.customertimes.test.hw4.login.LoginWithIncorrectCredentialsTest -->
      <class name="com.customertimes.test.hw5.AddProductToBasketTest">
        <test-method is-config="true" signature="beforeClassInTheBaseTest()[pri:0, instance:com.customertimes.test.hw5.AddProductToBasketTest@40226788]" started-at="2021-08-09T13:03:17 EEST" name="beforeClassInTheBaseTest" finished-at="2021-08-09T13:03:20 EEST" duration-ms="3092" status="PASS">
          <reporter-output>
          </reporter-output>
        </test-method> <!-- beforeClassInTheBaseTest -->
        <test-method is-config="true" signature="setup()[pri:0, instance:com.customertimes.test.hw5.AddProductToBasketTest@40226788]" started-at="2021-08-09T13:03:20 EEST" name="setup" finished-at="2021-08-09T13:03:22 EEST" duration-ms="1456" status="PASS">
          <reporter-output>
          </reporter-output>
        </test-method> <!-- setup -->
        <test-method signature="userCanAddProductToBasket()[pri:0, instance:com.customertimes.test.hw5.AddProductToBasketTest@40226788]" started-at="2021-08-09T13:03:22 EEST" name="userCanAddProductToBasket" finished-at="2021-08-09T13:03:24 EEST" duration-ms="2507" status="FAIL">
          <exception class="java.lang.AssertionError">
            <message>
              <![CDATA[The following asserts failed:
The product doesn't match expected [Apple Juice (1000ml)] but found [Apple Pomace],
The quantity doesn't match expected [1] but found [2]]]>
            </message>
            <full-stacktrace>
              <![CDATA[java.lang.AssertionError: The following asserts failed:
The product doesn't match expected [Apple Juice (1000ml)] but found [Apple Pomace],
The quantity doesn't match expected [1] but found [2]
at org.testng.asserts.SoftAssert.assertAll(SoftAssert.java:47)
at org.testng.asserts.SoftAssert.assertAll(SoftAssert.java:31)
at com.customertimes.test.hw5.AddProductToBasketTest.userCanAddProductToBasket(AddProductToBasketTest.java:52)
at java.base/jdk.internal.reflect.NativeMethodAccessorImpl.invoke0(Native Method)
at java.base/jdk.internal.reflect.NativeMethodAccessorImpl.invoke(NativeMethodAccessorImpl.java:64)
at java.base/jdk.internal.reflect.DelegatingMethodAccessorImpl.invoke(DelegatingMethodAccessorImpl.java:43)
at java.base/java.lang.reflect.Method.invoke(Method.java:564)
at org.testng.internal.MethodInvocationHelper.invokeMethod(MethodInvocationHelper.java:133)
at org.testng.internal.TestInvoker.invokeMethod(TestInvoker.java:598)
at org.testng.internal.TestInvoker.invokeTestMethod(TestInvoker.java:173)
at org.testng.internal.MethodRunner.runInSequence(MethodRunner.java:46)
at org.testng.internal.TestInvoker$MethodInvocationAgent.invoke(TestInvoker.java:824)
at org.testng.internal.TestInvoker.invokeTestMethods(TestInvoker.java:146)
at org.testng.internal.TestMethodWorker.invokeTestMethods(TestMethodWorker.java:146)
at org.testng.internal.TestMethodWorker.run(TestMethodWorker.java:128)
at java.base/java.util.ArrayList.forEach(ArrayList.java:1511)
at org.testng.TestRunner.privateRun(TestRunner.java:794)
at org.testng.TestRunner.run(TestRunner.java:596)
at org.testng.SuiteRunner.runTest(SuiteRunner.java:377)
at org.testng.SuiteRunner.runSequentially(SuiteRunner.java:371)
at org.testng.SuiteRunner.privateRun(SuiteRunner.java:332)
at org.testng.SuiteRunner.run(SuiteRunner.java:276)
at org.testng.SuiteRunnerWorker.runSuite(SuiteRunnerWorker.java:53)
at org.testng.SuiteRunnerWorker.run(SuiteRunnerWorker.java:96)
at org.testng.TestNG.runSuitesSequentially(TestNG.java:1212)
at org.testng.TestNG.runSuitesLocally(TestNG.java:1134)
at org.testng.TestNG.runSuites(TestNG.java:1063)
at org.testng.TestNG.run(TestNG.java:1031)
at org.apache.maven.surefire.testng.TestNGExecutor.run(TestNGExecutor.java:283)
at org.apache.maven.surefire.testng.TestNGXmlTestSuite.execute(TestNGXmlTestSuite.java:75)
at org.apache.maven.surefire.testng.TestNGProvider.invoke(TestNGProvider.java:120)
at org.apache.maven.surefire.booter.ForkedBooter.invokeProviderInSameClassLoader(ForkedBooter.java:386)
at org.apache.maven.surefire.booter.ForkedBooter.runSuitesInProcess(ForkedBooter.java:323)
at org.apache.maven.surefire.booter.ForkedBooter.main(ForkedBooter.java:143)
]]>
            </full-stacktrace>
          </exception> <!-- java.lang.AssertionError -->
          <reporter-output>
          </reporter-output>
        </test-method> <!-- userCanAddProductToBasket -->
        <test-method is-config="true" signature="afterClass()[pri:0, instance:com.customertimes.test.hw5.AddProductToBasketTest@40226788]" started-at="2021-08-09T13:03:25 EEST" name="afterClass" finished-at="2021-08-09T13:03:25 EEST" duration-ms="108" status="PASS">
          <reporter-output>
          </reporter-output>
        </test-method> <!-- afterClass -->
      </class> <!-- com.customertimes.test.hw5.AddProductToBasketTest -->
    </test> <!-- Regression -->
  </suite> <!-- Regression Suite -->
</testng-results>
